<?xml version="1.0" encoding="UTF-8"?>
<testsuite name="edu.mum.coffee.OrderServiceTest" time="3.009" tests="6" errors="0" skipped="0" failures="0">
  <properties>
[...]
</properties>
  <testcase name="testFindByPerson" classname="edu.mum.coffee.OrderServiceTest" time="0.851"/>
  <testcase name="testFindByProduct" classname="edu.mum.coffee.OrderServiceTest" time="0.421"/>
  <testcase name="testFindAll" classname="edu.mum.coffee.OrderServiceTest" time="0.446"/>
  <testcase name="testSave" classname="edu.mum.coffee.OrderServiceTest" time="0.386"/>
  <testcase name="testFindByDate" classname="edu.mum.coffee.OrderServiceTest" time="0.473"/>
  <testcase name="testFindById" classname="edu.mum.coffee.OrderServiceTest" time="0.432"/>
</testsuite>